<?xml version="1.0" encoding="UTF-8"?>
<!-- Generated by org.testng.reporters.JUnitXMLReporter -->
<testsuite ignored="0" hostname="DESKTOP-UI3NA1C" failures="1" tests="1" name="Test" time="7.839" errors="0" timestamp="2025-06-06T18:05:06 IST">
  <testcase classname="testCases.TC_002_MedMasterDataTest" name="verify_masterdata" time="2.979">
    <failure type="java.lang.AssertionError" message="Test failed due to exception: element click intercepted: Element &amp;lt;span class=&amp;quot;mdc-button__label&amp;quot;&amp;gt;...&amp;lt;/span&amp;gt; is not clickable at point (1792, 156). Other element would receive the click: &amp;lt;div _ngcontent-ng-c3790935512=&amp;quot;&amp;quot; class=&amp;quot;spinner-overlay ng-star-inserted&amp;quot;&amp;gt;...&amp;lt;/div&amp;gt;
  (Session info: chrome=137.0.7151.69)
Build info: version: &amp;apos;4.20.0&amp;apos;, revision: &amp;apos;866c76ca80&amp;apos;
System info: os.name: &amp;apos;Windows 11&amp;apos;, os.arch: &amp;apos;amd64&amp;apos;, os.version: &amp;apos;10.0&amp;apos;, java.version: &amp;apos;21.0.6&amp;apos;
Driver info: org.openqa.selenium.chrome.ChromeDriver
Command: [ed8268306920314281e59d3c0e294cce, clickElement {id=f.7E2A9E448617FD30715CEF68A310FCD7.d.B790DA72F557302D0E7EF95711B0F969.e.185}]
Capabilities {acceptInsecureCerts: false, browserName: chrome, browserVersion: 137.0.7151.69, chrome: {chromedriverVersion: 137.0.7151.68 (2989ffee9373..., userDataDir: C:\Users\ADMIN\AppData\Loca...}, fedcm:accounts: true, goog:chromeOptions: {debuggerAddress: localhost:51284}, networkConnectionEnabled: false, pageLoadStrategy: normal, platformName: windows, proxy: Proxy(), se:cdp: ws://localhost:51284/devtoo..., se:cdpVersion: 137.0.7151.69, setWindowRect: true, strictFileInteractability: false, timeouts: {implicit: 0, pageLoad: 300000, script: 30000}, unhandledPromptBehavior: dismiss and notify, webauthn:extension:credBlob: true, webauthn:extension:largeBlob: true, webauthn:extension:minPinLength: true, webauthn:extension:prf: true, webauthn:virtualAuthenticators: true}
Element: [[ChromeDriver: chrome on windows (ed8268306920314281e59d3c0e294cce)] -&amp;gt; xpath: //button/span[text()=&amp;apos; Add Continent &amp;apos;]]
Session ID: ed8268306920314281e59d3c0e294cce">
      <![CDATA[java.lang.AssertionError: Test failed due to exception: element click intercepted: Element <span class="mdc-button__label">...</span> is not clickable at point (1792, 156). Other element would receive the click: <div _ngcontent-ng-c3790935512="" class="spinner-overlay ng-star-inserted">...</div>
  (Session info: chrome=137.0.7151.69)
Build info: version: '4.20.0', revision: '866c76ca80'
System info: os.name: 'Windows 11', os.arch: 'amd64', os.version: '10.0', java.version: '21.0.6'
Driver info: org.openqa.selenium.chrome.ChromeDriver
Command: [ed8268306920314281e59d3c0e294cce, clickElement {id=f.7E2A9E448617FD30715CEF68A310FCD7.d.B790DA72F557302D0E7EF95711B0F969.e.185}]
Capabilities {acceptInsecureCerts: false, browserName: chrome, browserVersion: 137.0.7151.69, chrome: {chromedriverVersion: 137.0.7151.68 (2989ffee9373..., userDataDir: C:\Users\ADMIN\AppData\Loca...}, fedcm:accounts: true, goog:chromeOptions: {debuggerAddress: localhost:51284}, networkConnectionEnabled: false, pageLoadStrategy: normal, platformName: windows, proxy: Proxy(), se:cdp: ws://localhost:51284/devtoo..., se:cdpVersion: 137.0.7151.69, setWindowRect: true, strictFileInteractability: false, timeouts: {implicit: 0, pageLoad: 300000, script: 30000}, unhandledPromptBehavior: dismiss and notify, webauthn:extension:credBlob: true, webauthn:extension:largeBlob: true, webauthn:extension:minPinLength: true, webauthn:extension:prf: true, webauthn:virtualAuthenticators: true}
Element: [[ChromeDriver: chrome on windows (ed8268306920314281e59d3c0e294cce)] -> xpath: //button/span[text()=' Add Continent ']]
Session ID: ed8268306920314281e59d3c0e294cce
at testCases.TC_002_MedMasterDataTest.verify_masterdata(TC_002_MedMasterDataTest.java:69)
at java.base/java.util.ArrayList.forEach(ArrayList.java:1596)
... Removed 26 stack frames]]>
    </failure>
  </testcase> <!-- verify_masterdata -->
</testsuite> <!-- Test -->
